2022-06-04T00:18:51Z: ZEsw7NUGi/8LNIjXylgcEJ0TqvlPb9RkqogEKY534bI=->2022-06-03T22:17Z
2022-06-04T00:18:53Z: ttEP/KW1L2pMusyhxBscOZ0TqvlPb9RkqogEKY534bI=->2022-06-03T22:18Z
2022-06-04T00:18:54Z: ttEP/KW1L2pMusyhxBscOZ0TqvlPb9RkqogEKY534bI=->2022-06-03T22:18Z
2022-06-04T00:19:07Z: ttEP/KW1L2pMusyhxBscOZ0TqvlPb9RkqogEKY534bI=->2022-06-03T22:18Z
2022-06-04T00:19:15Z: ttEP/KW1L2pMusyhxBscOZ0TqvlPb9RkqogEKY534bI=->2022-06-03T22:18Z
2022-06-04T00:19:16Z: ttEP/KW1L2pMusyhxBscOZ0TqvlPb9RkqogEKY534bI=->2022-06-03T22:18Z
2022-06-04T00:19:17Z: ttEP/KW1L2pMusyhxBscOZ0TqvlPb9RkqogEKY534bI=->2022-06-03T22:18Z
2022-06-04T00:19:18Z: ttEP/KW1L2pMusyhxBscOZ0TqvlPb9RkqogEKY534bI=->2022-06-03T22:18Z
2022-06-04T00:22:15Z: doGet() - QdCBUPkthGNu4n3VQXbn3Z0TqvlPb9RkqogEKY534bI= -> 2022-06-03T22:21Z
2022-06-04T00:22:16Z: doGet() - QdCBUPkthGNu4n3VQXbn3Z0TqvlPb9RkqogEKY534bI= -> 2022-06-03T22:21Z
2022-06-04T00:22:17Z: doGet() - QdCBUPkthGNu4n3VQXbn3Z0TqvlPb9RkqogEKY534bI= -> 2022-06-03T22:21Z
2022-06-04T00:22:29Z: doGet() - QdCBUPkthGNu4n3VQXbn3Z0TqvlPb9RkqogEKY534bI= -> 2022-06-03T22:21Z
2022-06-04T00:22:58Z: doGet() - B2gXSFldCTMXFnBy9+nQdJ0TqvlPb9RkqogEKY534bI= -> 2022-06-03T22:22Z
2022-06-04T00:23:07Z: doGet() - B2gXSFldCTMXFnBy9+nQdJ0TqvlPb9RkqogEKY534bI= -> 2022-06-03T22:22Z
2022-06-04T00:23:16Z: doGet() - B2gXSFldCTMXFnBy9+nQdJ0TqvlPb9RkqogEKY534bI= -> 2022-06-03T22:22Z
2022-06-04T00:23:34Z: doGet() - B2gXSFldCTMXFnBy9+nQdJ0TqvlPb9RkqogEKY534bI= -> 2022-06-03T22:22Z
2022-06-04T00:23:52Z: doGet() - B2gXSFldCTMXFnBy9+nQdJ0TqvlPb9RkqogEKY534bI= -> 2022-06-03T22:22Z
2022-06-04T00:24:20Z: doGet() - AeeKyeVdRbpbFeRK8hj8Lp0TqvlPb9RkqogEKY534bI= -> 2022-06-03T22:23Z
2022-06-04T00:24:45Z: doGet() - AeeKyeVdRbpbFeRK8hj8Lp0TqvlPb9RkqogEKY534bI= -> 2022-06-03T22:23Z
2022-06-04T00:24:46Z: doGet() - AeeKyeVdRbpbFeRK8hj8Lp0TqvlPb9RkqogEKY534bI= -> 2022-06-03T22:23Z
2022-06-04T00:25:06Z: doGet() - 3aCcrdwtaDWcFI4xyjH5wZ0TqvlPb9RkqogEKY534bI= -> 2022-06-03T22:24Z
2022-06-04T00:25:15Z: doGet() - 3aCcrdwtaDWcFI4xyjH5wZ0TqvlPb9RkqogEKY534bI= -> 2022-06-03T22:24Z
2022-06-04T00:25:37Z: doGet() - 3aCcrdwtaDWcFI4xyjH5wZ0TqvlPb9RkqogEKY534bI= -> 2022-06-03T22:24Z
2022-06-04T00:26:04Z: doGet() - SGDupnmrPO0ObuHUdETuqJ0TqvlPb9RkqogEKY534bI= -> 2022-06-03T22:25Z
2022-06-04T00:26:23Z: doGet() - SGDupnmrPO0ObuHUdETuqJ0TqvlPb9RkqogEKY534bI= -> 2022-06-03T22:25Z
2022-06-04T00:26:26Z: doGet() - SGDupnmrPO0ObuHUdETuqJ0TqvlPb9RkqogEKY534bI= -> 2022-06-03T22:25Z
2022-06-04T00:26:29Z: doGet() - SGDupnmrPO0ObuHUdETuqJ0TqvlPb9RkqogEKY534bI= -> 2022-06-03T22:25Z
2022-06-04T00:26:58Z: doGet() - SGDupnmrPO0ObuHUdETuqJ0TqvlPb9RkqogEKY534bI= -> 2022-06-03T22:25Z
2022-06-04T12:16:58Z: doGet() - fOzh/ClGRZTy4Fi8derT8p0TqvlPb9RkqogEKY534bI= -> 2022-06-04T12:16Z
2022-06-04T12:17:20Z: doGet() - fOzh/ClGRZTy4Fi8derT8p0TqvlPb9RkqogEKY534bI= -> 2022-06-04T12:16Z
2022-06-04T12:17:41Z: doGet() - fOzh/ClGRZTy4Fi8derT8p0TqvlPb9RkqogEKY534bI= -> 2022-06-04T12:16Z
2022-06-04T12:17:57Z: doGet() - qi+iK3Vi4DrRtO1e8Tp4b50TqvlPb9RkqogEKY534bI= -> 2022-06-04T12:17Z
2022-06-04T12:18:13Z: doGet() - qi+iK3Vi4DrRtO1e8Tp4b50TqvlPb9RkqogEKY534bI= -> 2022-06-04T12:17Z
2022-06-04T12:18:39Z: doGet() - qi+iK3Vi4DrRtO1e8Tp4b50TqvlPb9RkqogEKY534bI= -> 2022-06-04T12:17Z
2022-06-04T12:18:44Z: doGet() - qi+iK3Vi4DrRtO1e8Tp4b50TqvlPb9RkqogEKY534bI= -> 2022-06-04T12:17Z
2022-06-04T12:19:13Z: doGet() - awAEl6WftRrCKNMfM+Kh5J0TqvlPb9RkqogEKY534bI= -> 2022-06-04T12:18Z
2022-06-04T12:19:31Z: doGet() - awAEl6WftRrCKNMfM+Kh5J0TqvlPb9RkqogEKY534bI= -> 2022-06-04T12:18Z
2022-06-04T12:19:43Z: doGet() - awAEl6WftRrCKNMfM+Kh5J0TqvlPb9RkqogEKY534bI= -> 2022-06-04T12:18Z
2022-06-04T12:20:10Z: doGet() - 7bme7nOJa+bE964/yOnB2Z0TqvlPb9RkqogEKY534bI= -> 2022-06-04T12:19Z
2022-06-04T12:20:31Z: doGet() - 7bme7nOJa+bE964/yOnB2Z0TqvlPb9RkqogEKY534bI= -> 2022-06-04T12:19Z
2022-06-04T12:20:51Z: doGet() - 7bme7nOJa+bE964/yOnB2Z0TqvlPb9RkqogEKY534bI= -> 2022-06-04T12:19Z
2022-06-04T12:21:14Z: doGet() - e1b+lpngSOOCGWVBwkNVWp0TqvlPb9RkqogEKY534bI= -> 2022-06-04T12:20Z
2022-06-04T12:21:19Z: doGet() - e1b+lpngSOOCGWVBwkNVWp0TqvlPb9RkqogEKY534bI= -> 2022-06-04T12:20Z
2022-06-04T12:21:27Z: doGet() - e1b+lpngSOOCGWVBwkNVWp0TqvlPb9RkqogEKY534bI= -> 2022-06-04T12:20Z
2022-06-04T12:21:47Z: doGet() - e1b+lpngSOOCGWVBwkNVWp0TqvlPb9RkqogEKY534bI= -> 2022-06-04T12:20Z
2022-06-04T12:22:10Z: doGet() - SBaTtAJLnlerqVJ2xw51hZ0TqvlPb9RkqogEKY534bI= -> 2022-06-04T12:21Z
2022-06-04T12:22:39Z: doGet() - SBaTtAJLnlerqVJ2xw51hZ0TqvlPb9RkqogEKY534bI= -> 2022-06-04T12:21Z
